<?xml version="1.0" encoding="UTF-8"?>
<testsuite name="co.com.segurossura.certification.soat.runners.Front" tests="0" skipped="0" failures="0" errors="0" timestamp="1970-01-01T00:00:00" hostname="QV-4398" time="0.0">
  <properties/>
  <system-out><![CDATA[Feature from file:///C:/Automatizaciones/Proyectos_Automatizacion/ApiVecindarioBDD/src/test/resources/features/front.feature

?[31mFailed scenarios:?[0m
?[31mfile:///C:/Automatizaciones/Proyectos_Automatizacion/ApiVecindarioBDD/src/test/resources/features/front.feature:8?[0m# Validar servicio de API SIMULADOR

1 Scenarios (?[31m1 failed?[0m)
3 Steps (?[31m1 failed?[0m, ?[33m1 undefined?[0m, ?[32m1 passed?[0m)
0m17,701s


java.lang.NullPointerException
	at net.serenitybdd.screenplay.InstrumentedTask.isInstrumented(InstrumentedTask.java:69)
	at net.serenitybdd.screenplay.Actor.shouldNotReport(Actor.java:189)
	at net.serenitybdd.screenplay.Actor.attemptsTo(Actor.java:172)
	at co.com.segurossura.certification.soat.stepdefinitions.FrontStepDefinition.cuandoLleneLaInformaciónNecesarioParLaSimulación(FrontStepDefinition.java:16)
	at ?.cuando llene la información necesario par la simulación(file:///C:/Automatizaciones/Proyectos_Automatizacion/ApiVecindarioBDD/src/test/resources/features/front.feature:10)


You can implement missing steps with the snippets below:

@Entonces("debería ver un mensaje con exito")
public void deberíaVerUnMensajeConExito() {
    // Write code here that turns the phrase above into concrete actions
    throw new io.cucumber.java.PendingException();
}


]]></system-out>
  <system-err><![CDATA[[Test worker] WARN io.cucumber.junit.CucumberSerenityRunner - By default Cucumber is running in --non-strict mode.
This default will change to --strict and --non-strict will be removed.
You can use --strict or @CucumberOptions(strict = true) to suppress this warning
[Test worker] INFO  - ?[96m

-------------------------------------------------------------------------------------
     _______. _______ .______       _______ .__   __.  __  .___________.____    ____ 
    /       ||   ____||   _  \     |   ____||  \ |  | |  | |           |\   \  /   / 
   |   (----`|  |__   |  |_)  |    |  |__   |   \|  | |  | `---|  |----` \   \/   /  
    \   \    |   __|  |      /     |   __|  |  . `  | |  |     |  |       \_    _/   
.----)   |   |  |____ |  |\  \----.|  |____ |  |\   | |  |     |  |         |  |     
|_______/    |_______|| _| `._____||_______||__| \__| |__|     |__|         |__|    
                                                                                     
 News and tutorials at http://www.serenity-bdd.info                                  
 Documentation at https://wakaleo.gitbooks.io/the-serenity-book/content/             
 Join the Serenity Community on Gitter: https://gitter.im/serenity-bdd/serenity-core 
 Serenity BDD Support and Training at http://serenity-bdd.info/#/trainingandsupport  
 Learn Serenity BDD online at https://www.serenitydojo.net                           
-------------------------------------------------------------------------------------
?[0m
[Test worker] INFO  - Test Suite Started: Simular Api
]]></system-err>
</testsuite>
